Start testing: Sep 09 09:57 CEST
----------------------------------------------------------
1/9 Testing: ListeChainee
1/9 Test: ListeChainee
Command: "/user/1/benjelly/ensimag/second_year/sepc/ensimag-rappeldec/build/listechainee"
Directory: /user/1/benjelly/ensimag/second_year/sepc/ensimag-rappeldec/build
"ListeChainee" start time: Sep 09 09:57 CEST
Output:
----------------------------------------------------------
listechainee: /user/1/benjelly/ensimag/second_year/sepc/ensimag-rappeldec/src/listechainee.c:95: main: Assertion `tab_elem != NULL' failed.
<end of output>
Test time =   0.11 sec
----------------------------------------------------------
Test Failed.
"ListeChainee" end time: Sep 09 09:57 CEST
"ListeChainee" time elapsed: 00:00:00
----------------------------------------------------------

2/9 Testing: valgrindListeChainee
2/9 Test: valgrindListeChainee
Command: "/usr/bin/valgrind" "/user/1/benjelly/ensimag/second_year/sepc/ensimag-rappeldec/build/listechainee"
Directory: /user/1/benjelly/ensimag/second_year/sepc/ensimag-rappeldec/build
"valgrindListeChainee" start time: Sep 09 09:57 CEST
Output:
----------------------------------------------------------
==22656== Memcheck, a memory error detector
==22656== Copyright (C) 2002-2017, and GNU GPL'd, by Julian Seward et al.
==22656== Using Valgrind-3.18.1 and LibVEX; rerun with -h for copyright info
==22656== Command: /user/1/benjelly/ensimag/second_year/sepc/ensimag-rappeldec/build/listechainee
==22656== 
listechainee: /user/1/benjelly/ensimag/second_year/sepc/ensimag-rappeldec/src/listechainee.c:95: main: Assertion `tab_elem != NULL' failed.
==22656== 
==22656== Process terminating with default action of signal 6 (SIGABRT)
==22656==    at 0x4912A7C: __pthread_kill_implementation (pthread_kill.c:44)
==22656==    by 0x4912A7C: __pthread_kill_internal (pthread_kill.c:78)
==22656==    by 0x4912A7C: pthread_kill@@GLIBC_2.34 (pthread_kill.c:89)
==22656==    by 0x48BE475: raise (raise.c:26)
==22656==    by 0x48A47F2: abort (abort.c:79)
==22656==    by 0x48A471A: __assert_fail_base.cold (assert.c:92)
==22656==    by 0x48B5E95: __assert_fail (assert.c:101)
==22656==    by 0x109371: main (listechainee.c:95)
==22656== 
==22656== HEAP SUMMARY:
==22656==     in use at exit: 0 bytes in 0 blocks
==22656==   total heap usage: 3 allocs, 3 frees, 541 bytes allocated
==22656== 
==22656== All heap blocks were freed -- no leaks are possible
==22656== 
==22656== For lists of detected and suppressed errors, rerun with: -s
==22656== ERROR SUMMARY: 0 errors from 0 contexts (suppressed: 0 from 0)
<end of output>
Test time =   1.52 sec
----------------------------------------------------------
Test Failed.
"valgrindListeChainee" end time: Sep 09 09:57 CEST
"valgrindListeChainee" time elapsed: 00:00:01
----------------------------------------------------------

3/9 Testing: GC
3/9 Test: GC
Command: "/user/1/benjelly/ensimag/second_year/sepc/ensimag-rappeldec/build/ensitestgc" "--all"
Directory: /user/1/benjelly/ensimag/second_year/sepc/ensimag-rappeldec/build
"GC" start time: Sep 09 09:57 CEST
Output:
----------------------------------------------------------
FAILURE:(e) unexpected allocation failure; (/user/1/benjelly/ensimag/second_year/sepc/ensimag-rappeldec/tests/test0.c, line 27)
FAILURE:(e) unexpected allocation failure; (/user/1/benjelly/ensimag/second_year/sepc/ensimag-rappeldec/tests/test1.c, line 28)
FAILURE:(e) unexpected allocation failure; (/user/1/benjelly/ensimag/second_year/sepc/ensimag-rappeldec/tests/test2.c, line 32)
FAILURE:(e) unexpected allocation failure; (/user/1/benjelly/ensimag/second_year/sepc/ensimag-rappeldec/tests/test3.c, line 32)
FAILURE:(e) unexpected allocation failure; (/user/1/benjelly/ensimag/second_year/sepc/ensimag-rappeldec/tests/test4.c, line 32)
Total number of errors: 5
<end of output>
Test time =   0.00 sec
----------------------------------------------------------
Test Failed.
"GC" end time: Sep 09 09:57 CEST
"GC" time elapsed: 00:00:00
----------------------------------------------------------

4/9 Testing: ValgrindGC
4/9 Test: ValgrindGC
Command: "/usr/bin/valgrind" "/user/1/benjelly/ensimag/second_year/sepc/ensimag-rappeldec/build/ensitestgc" "--all"
Directory: /user/1/benjelly/ensimag/second_year/sepc/ensimag-rappeldec/build
"ValgrindGC" start time: Sep 09 09:57 CEST
Output:
----------------------------------------------------------
==22668== Memcheck, a memory error detector
==22668== Copyright (C) 2002-2017, and GNU GPL'd, by Julian Seward et al.
==22668== Using Valgrind-3.18.1 and LibVEX; rerun with -h for copyright info
==22668== Command: /user/1/benjelly/ensimag/second_year/sepc/ensimag-rappeldec/build/ensitestgc --all
==22668== 
FAILURE:(e) unexpected allocation failure; (/user/1/benjelly/ensimag/second_year/sepc/ensimag-rappeldec/tests/test0.c, line 27)
FAILURE:(e) unexpected allocation failure; (/user/1/benjelly/ensimag/second_year/sepc/ensimag-rappeldec/tests/test1.c, line 28)
FAILURE:(e) unexpected allocation failure; (/user/1/benjelly/ensimag/second_year/sepc/ensimag-rappeldec/tests/test2.c, line 32)
FAILURE:(e) unexpected allocation failure; (/user/1/benjelly/ensimag/second_year/sepc/ensimag-rappeldec/tests/test3.c, line 32)
FAILURE:(e) unexpected allocation failure; (/user/1/benjelly/ensimag/second_year/sepc/ensimag-rappeldec/tests/test4.c, line 32)
Total number of errors: 5
==22668== 
==22668== HEAP SUMMARY:
==22668==     in use at exit: 16,000 bytes in 1 blocks
==22668==   total heap usage: 1 allocs, 0 frees, 16,000 bytes allocated
==22668== 
==22668== LEAK SUMMARY:
==22668==    definitely lost: 0 bytes in 0 blocks
==22668==    indirectly lost: 0 bytes in 0 blocks
==22668==      possibly lost: 0 bytes in 0 blocks
==22668==    still reachable: 16,000 bytes in 1 blocks
==22668==         suppressed: 0 bytes in 0 blocks
==22668== Rerun with --leak-check=full to see details of leaked memory
==22668== 
==22668== For lists of detected and suppressed errors, rerun with: -s
==22668== ERROR SUMMARY: 0 errors from 0 contexts (suppressed: 0 from 0)
<end of output>
Test time =   0.45 sec
----------------------------------------------------------
Test Failed.
"ValgrindGC" end time: Sep 09 09:57 CEST
"ValgrindGC" time elapsed: 00:00:00
----------------------------------------------------------

5/9 Testing: Binaire
5/9 Test: Binaire
Command: "/user/1/benjelly/ensimag/second_year/sepc/ensimag-rappeldec/tests/binairestests.rb"
Directory: /user/1/benjelly/ensimag/second_year/sepc/ensimag-rappeldec/build
"Binaire" start time: Sep 09 09:57 CEST
Output:
----------------------------------------------------------
/usr/lib/ruby/3.0.0/expect.rb:47:in `eof?': Input/output error @ io_fillbuf - fd:6 /dev/pts/1 (Errno::EIO)
	from /usr/lib/ruby/3.0.0/expect.rb:47:in `expect'
	from /user/1/benjelly/ensimag/second_year/sepc/ensimag-rappeldec/tests/binairestests.rb:24:in `test_binaires'
	from /user/1/benjelly/ensimag/second_year/sepc/ensimag-rappeldec/tests/binairestests.rb:38:in `<main>'
<end of output>
Test time =   0.05 sec
----------------------------------------------------------
Test Failed.
"Binaire" end time: Sep 09 09:57 CEST
"Binaire" time elapsed: 00:00:00
----------------------------------------------------------

6/9 Testing: Hello
6/9 Test: Hello
Command: "/user/1/benjelly/ensimag/second_year/sepc/ensimag-rappeldec/tests/hellotests.rb"
Directory: /user/1/benjelly/ensimag/second_year/sepc/ensimag-rappeldec/build
"Hello" start time: Sep 09 09:57 CEST
Output:
----------------------------------------------------------
/usr/lib/ruby/3.0.0/expect.rb:47:in `eof?': Input/output error @ io_fillbuf - fd:6 /dev/pts/1 (Errno::EIO)
	from /usr/lib/ruby/3.0.0/expect.rb:47:in `expect'
	from /user/1/benjelly/ensimag/second_year/sepc/ensimag-rappeldec/tests/hellotests.rb:24:in `test_hello'
	from /user/1/benjelly/ensimag/second_year/sepc/ensimag-rappeldec/tests/hellotests.rb:30:in `<main>'
<end of output>
Test time =   0.05 sec
----------------------------------------------------------
Test Failed.
"Hello" end time: Sep 09 09:57 CEST
"Hello" time elapsed: 00:00:00
----------------------------------------------------------

7/9 Testing: Flottants
7/9 Test: Flottants
Command: "/user/1/benjelly/ensimag/second_year/sepc/ensimag-rappeldec/tests/flottantstests.rb"
Directory: /user/1/benjelly/ensimag/second_year/sepc/ensimag-rappeldec/build
"Flottants" start time: Sep 09 09:57 CEST
Output:
----------------------------------------------------------
/usr/lib/ruby/3.0.0/expect.rb:47:in `eof?': Input/output error @ io_fillbuf - fd:6 /dev/pts/1 (Errno::EIO)
	from /usr/lib/ruby/3.0.0/expect.rb:47:in `expect'
	from /user/1/benjelly/ensimag/second_year/sepc/ensimag-rappeldec/tests/flottantstests.rb:24:in `test_flottant'
	from /user/1/benjelly/ensimag/second_year/sepc/ensimag-rappeldec/tests/flottantstests.rb:38:in `<main>'
<end of output>
Test time =   0.05 sec
----------------------------------------------------------
Test Failed.
"Flottants" end time: Sep 09 09:57 CEST
"Flottants" time elapsed: 00:00:00
----------------------------------------------------------

8/9 Testing: TriComplexe
8/9 Test: TriComplexe
Command: "/user/1/benjelly/ensimag/second_year/sepc/ensimag-rappeldec/build/fqsort"
Directory: /user/1/benjelly/ensimag/second_year/sepc/ensimag-rappeldec/build
"TriComplexe" start time: Sep 09 09:57 CEST
Output:
----------------------------------------------------------
fqsort: /user/1/benjelly/ensimag/second_year/sepc/ensimag-rappeldec/src/fqsort.c:27: main: Assertion `carg(tableau[i]) <= carg(tableau[i + 1])' failed.
<end of output>
Test time =   0.08 sec
----------------------------------------------------------
Test Failed.
"TriComplexe" end time: Sep 09 09:57 CEST
"TriComplexe" time elapsed: 00:00:00
----------------------------------------------------------

9/9 Testing: valgrindTriComplexe
9/9 Test: valgrindTriComplexe
Command: "/usr/bin/valgrind" "/user/1/benjelly/ensimag/second_year/sepc/ensimag-rappeldec/build/fqsort"
Directory: /user/1/benjelly/ensimag/second_year/sepc/ensimag-rappeldec/build
"valgrindTriComplexe" start time: Sep 09 09:57 CEST
Output:
----------------------------------------------------------
==22677== Memcheck, a memory error detector
==22677== Copyright (C) 2002-2017, and GNU GPL'd, by Julian Seward et al.
==22677== Using Valgrind-3.18.1 and LibVEX; rerun with -h for copyright info
==22677== Command: /user/1/benjelly/ensimag/second_year/sepc/ensimag-rappeldec/build/fqsort
==22677== 
fqsort: /user/1/benjelly/ensimag/second_year/sepc/ensimag-rappeldec/src/fqsort.c:27: main: Assertion `carg(tableau[i]) <= carg(tableau[i + 1])' failed.
==22677== 
==22677== Process terminating with default action of signal 6 (SIGABRT)
==22677==    at 0x49F9A7C: __pthread_kill_implementation (pthread_kill.c:44)
==22677==    by 0x49F9A7C: __pthread_kill_internal (pthread_kill.c:78)
==22677==    by 0x49F9A7C: pthread_kill@@GLIBC_2.34 (pthread_kill.c:89)
==22677==    by 0x49A5475: raise (raise.c:26)
==22677==    by 0x498B7F2: abort (abort.c:79)
==22677==    by 0x498B71A: __assert_fail_base.cold (assert.c:92)
==22677==    by 0x499CE95: __assert_fail (assert.c:101)
==22677==    by 0x1093A8: main (fqsort.c:27)
==22677== 
==22677== HEAP SUMMARY:
==22677==     in use at exit: 0 bytes in 0 blocks
==22677==   total heap usage: 3 allocs, 3 frees, 553 bytes allocated
==22677== 
==22677== All heap blocks were freed -- no leaks are possible
==22677== 
==22677== For lists of detected and suppressed errors, rerun with: -s
==22677== ERROR SUMMARY: 0 errors from 0 contexts (suppressed: 0 from 0)
<end of output>
Test time =   1.59 sec
----------------------------------------------------------
Test Failed.
"valgrindTriComplexe" end time: Sep 09 09:57 CEST
"valgrindTriComplexe" time elapsed: 00:00:01
----------------------------------------------------------

End testing: Sep 09 09:57 CEST
